{"C:\\Users\\Dell\\source\\repos\\teamtelefoon\\t2\\t2-orgmgmt-msvc-rest\\src\\domain\\aggregatesModel\\organizationAggregate\\organization.ts": {"path":"C:\\Users\\Dell\\source\\repos\\teamtelefoon\\t2\\t2-orgmgmt-msvc-rest\\src\\domain\\aggregatesModel\\organizationAggregate\\organization.ts","statementMap":{"0":{"start":{"line":16,"column":4},"end":{"line":16,"column":54}},"1":{"start":{"line":23,"column":4},"end":{"line":23,"column":27}},"2":{"start":{"line":30,"column":4},"end":{"line":30,"column":27}},"3":{"start":{"line":43,"column":22},"end":{"line":45,"column":6}},"4":{"start":{"line":47,"column":4},"end":{"line":59,"column":5}},"5":{"start":{"line":48,"column":6},"end":{"line":48,"column":66}},"6":{"start":{"line":50,"column":32},"end":{"line":50,"column":46}},"7":{"start":{"line":52,"column":58},"end":{"line":54,"column":7}},"8":{"start":{"line":56,"column":27},"end":{"line":56,"column":73}},"9":{"start":{"line":58,"column":6},"end":{"line":58,"column":51}}},"fnMap":{"0":{"name":"(anonymous_0)","decl":{"start":{"line":15,"column":2},"end":{"line":15,"column":3}},"loc":{"start":{"line":15,"column":39},"end":{"line":17,"column":3}},"line":15},"1":{"name":"(anonymous_1)","decl":{"start":{"line":22,"column":3},"end":{"line":22,"column":4}},"loc":{"start":{"line":22,"column":32},"end":{"line":24,"column":3}},"line":22},"2":{"name":"(anonymous_2)","decl":{"start":{"line":29,"column":2},"end":{"line":29,"column":3}},"loc":{"start":{"line":29,"column":31},"end":{"line":31,"column":3}},"line":29},"3":{"name":"(anonymous_3)","decl":{"start":{"line":39,"column":2},"end":{"line":39,"column":3}},"loc":{"start":{"line":42,"column":26},"end":{"line":60,"column":3}},"line":42}},"branchMap":{"0":{"loc":{"start":{"line":47,"column":4},"end":{"line":59,"column":5}},"type":"if","locations":[{"start":{"line":47,"column":4},"end":{"line":59,"column":5}},{"start":{"line":49,"column":11},"end":{"line":59,"column":5}}],"line":47}},"s":{"0":3,"1":3,"2":3,"3":2,"4":2,"5":0,"6":2,"7":2,"8":2,"9":2},"f":{"0":3,"1":3,"2":3,"3":2},"b":{"0":[0,2]},"_coverageSchema":"1a1c01bbd47fc00a2c39e90264f33305004495a9","hash":"47c2b95bd73b84583e6743dc0df705ed3fb9ba2c"}
,"C:\\Users\\Dell\\source\\repos\\teamtelefoon\\t2\\t2-orgmgmt-msvc-rest\\src\\domain\\aggregatesModel\\organizationAggregate\\organizationCity.ts": {"path":"C:\\Users\\Dell\\source\\repos\\teamtelefoon\\t2\\t2-orgmgmt-msvc-rest\\src\\domain\\aggregatesModel\\organizationAggregate\\organizationCity.ts","statementMap":{"0":{"start":{"line":7,"column":36},"end":{"line":7,"column":37}},"1":{"start":{"line":8,"column":36},"end":{"line":8,"column":41}},"2":{"start":{"line":11,"column":4},"end":{"line":11,"column":28}},"3":{"start":{"line":15,"column":4},"end":{"line":15,"column":17}},"4":{"start":{"line":19,"column":28},"end":{"line":19,"column":89}},"5":{"start":{"line":21,"column":4},"end":{"line":23,"column":5}},"6":{"start":{"line":22,"column":6},"end":{"line":22,"column":76}},"7":{"start":{"line":25,"column":27},"end":{"line":25,"column":76}},"8":{"start":{"line":26,"column":27},"end":{"line":26,"column":75}},"9":{"start":{"line":28,"column":4},"end":{"line":30,"column":5}},"10":{"start":{"line":29,"column":6},"end":{"line":29,"column":75}},"11":{"start":{"line":32,"column":4},"end":{"line":34,"column":5}},"12":{"start":{"line":33,"column":6},"end":{"line":33,"column":75}},"13":{"start":{"line":36,"column":4},"end":{"line":36,"column":68}}},"fnMap":{"0":{"name":"(anonymous_0)","decl":{"start":{"line":10,"column":2},"end":{"line":10,"column":3}},"loc":{"start":{"line":10,"column":23},"end":{"line":12,"column":3}},"line":10},"1":{"name":"(anonymous_1)","decl":{"start":{"line":14,"column":2},"end":{"line":14,"column":3}},"loc":{"start":{"line":14,"column":53},"end":{"line":16,"column":3}},"line":14},"2":{"name":"(anonymous_2)","decl":{"start":{"line":18,"column":2},"end":{"line":18,"column":3}},"loc":{"start":{"line":18,"column":80},"end":{"line":37,"column":3}},"line":18}},"branchMap":{"0":{"loc":{"start":{"line":21,"column":4},"end":{"line":23,"column":5}},"type":"if","locations":[{"start":{"line":21,"column":4},"end":{"line":23,"column":5}},{"start":{},"end":{}}],"line":21},"1":{"loc":{"start":{"line":28,"column":4},"end":{"line":30,"column":5}},"type":"if","locations":[{"start":{"line":28,"column":4},"end":{"line":30,"column":5}},{"start":{},"end":{}}],"line":28},"2":{"loc":{"start":{"line":32,"column":4},"end":{"line":34,"column":5}},"type":"if","locations":[{"start":{"line":32,"column":4},"end":{"line":34,"column":5}},{"start":{},"end":{}}],"line":32}},"s":{"0":1,"1":1,"2":3,"3":2,"4":2,"5":2,"6":0,"7":2,"8":2,"9":2,"10":0,"11":2,"12":0,"13":2},"f":{"0":3,"1":2,"2":2},"b":{"0":[0,2],"1":[0,2],"2":[0,2]},"_coverageSchema":"1a1c01bbd47fc00a2c39e90264f33305004495a9","hash":"c8419e6a3cf69f3584c9b7026537a6724bab8cf5"}
,"C:\\Users\\Dell\\source\\repos\\teamtelefoon\\t2\\t2-orgmgmt-msvc-rest\\src\\domain\\aggregatesModel\\organizationAggregate\\organizationId.ts": {"path":"C:\\Users\\Dell\\source\\repos\\teamtelefoon\\t2\\t2-orgmgmt-msvc-rest\\src\\domain\\aggregatesModel\\organizationAggregate\\organizationId.ts","statementMap":{"0":{"start":{"line":8,"column":4},"end":{"line":8,"column":20}},"1":{"start":{"line":12,"column":4},"end":{"line":12,"column":19}},"2":{"start":{"line":16,"column":4},"end":{"line":16,"column":61}}},"fnMap":{"0":{"name":"(anonymous_0)","decl":{"start":{"line":7,"column":2},"end":{"line":7,"column":3}},"loc":{"start":{"line":7,"column":28},"end":{"line":9,"column":3}},"line":7},"1":{"name":"(anonymous_1)","decl":{"start":{"line":11,"column":2},"end":{"line":11,"column":3}},"loc":{"start":{"line":11,"column":44},"end":{"line":13,"column":3}},"line":11},"2":{"name":"(anonymous_2)","decl":{"start":{"line":15,"column":2},"end":{"line":15,"column":3}},"loc":{"start":{"line":15,"column":69},"end":{"line":17,"column":3}},"line":15}},"branchMap":{},"s":{"0":3,"1":3,"2":3},"f":{"0":3,"1":3,"2":3},"b":{},"_coverageSchema":"1a1c01bbd47fc00a2c39e90264f33305004495a9","hash":"77b7a813bf22ea65df8fb92f6443bcfc771ea629"}
,"C:\\Users\\Dell\\source\\repos\\teamtelefoon\\t2\\t2-orgmgmt-msvc-rest\\src\\domain\\aggregatesModel\\organizationAggregate\\organizationName.ts": {"path":"C:\\Users\\Dell\\source\\repos\\teamtelefoon\\t2\\t2-orgmgmt-msvc-rest\\src\\domain\\aggregatesModel\\organizationAggregate\\organizationName.ts","statementMap":{"0":{"start":{"line":10,"column":36},"end":{"line":10,"column":37}},"1":{"start":{"line":11,"column":36},"end":{"line":11,"column":41}},"2":{"start":{"line":14,"column":4},"end":{"line":14,"column":28}},"3":{"start":{"line":18,"column":4},"end":{"line":18,"column":17}},"4":{"start":{"line":22,"column":28},"end":{"line":22,"column":89}},"5":{"start":{"line":24,"column":4},"end":{"line":26,"column":5}},"6":{"start":{"line":25,"column":6},"end":{"line":25,"column":76}},"7":{"start":{"line":28,"column":27},"end":{"line":28,"column":76}},"8":{"start":{"line":29,"column":27},"end":{"line":29,"column":75}},"9":{"start":{"line":31,"column":4},"end":{"line":33,"column":5}},"10":{"start":{"line":32,"column":6},"end":{"line":32,"column":75}},"11":{"start":{"line":35,"column":4},"end":{"line":37,"column":5}},"12":{"start":{"line":36,"column":6},"end":{"line":36,"column":75}},"13":{"start":{"line":39,"column":4},"end":{"line":39,"column":68}}},"fnMap":{"0":{"name":"(anonymous_0)","decl":{"start":{"line":13,"column":2},"end":{"line":13,"column":3}},"loc":{"start":{"line":13,"column":23},"end":{"line":15,"column":3}},"line":13},"1":{"name":"(anonymous_1)","decl":{"start":{"line":17,"column":2},"end":{"line":17,"column":3}},"loc":{"start":{"line":17,"column":53},"end":{"line":19,"column":3}},"line":17},"2":{"name":"(anonymous_2)","decl":{"start":{"line":21,"column":2},"end":{"line":21,"column":3}},"loc":{"start":{"line":21,"column":80},"end":{"line":40,"column":3}},"line":21}},"branchMap":{"0":{"loc":{"start":{"line":24,"column":4},"end":{"line":26,"column":5}},"type":"if","locations":[{"start":{"line":24,"column":4},"end":{"line":26,"column":5}},{"start":{},"end":{}}],"line":24},"1":{"loc":{"start":{"line":31,"column":4},"end":{"line":33,"column":5}},"type":"if","locations":[{"start":{"line":31,"column":4},"end":{"line":33,"column":5}},{"start":{},"end":{}}],"line":31},"2":{"loc":{"start":{"line":35,"column":4},"end":{"line":37,"column":5}},"type":"if","locations":[{"start":{"line":35,"column":4},"end":{"line":37,"column":5}},{"start":{},"end":{}}],"line":35}},"s":{"0":1,"1":1,"2":3,"3":2,"4":2,"5":2,"6":0,"7":2,"8":2,"9":2,"10":0,"11":2,"12":0,"13":2},"f":{"0":3,"1":2,"2":2},"b":{"0":[0,2],"1":[0,2],"2":[0,2]},"_coverageSchema":"1a1c01bbd47fc00a2c39e90264f33305004495a9","hash":"1932e477826b0091f5778400bd64131f838a8081"}
,"C:\\Users\\Dell\\source\\repos\\teamtelefoon\\t2\\t2-orgmgmt-msvc-rest\\src\\infrastructure\\mapper\\organizationMap.ts": {"path":"C:\\Users\\Dell\\source\\repos\\teamtelefoon\\t2\\t2-orgmgmt-msvc-rest\\src\\infrastructure\\mapper\\organizationMap.ts","statementMap":{"0":{"start":{"line":19,"column":8},"end":{"line":23,"column":9}},"1":{"start":{"line":32,"column":36},"end":{"line":36,"column":38}},"2":{"start":{"line":38,"column":8},"end":{"line":38,"column":94}},"3":{"start":{"line":40,"column":8},"end":{"line":40,"column":85}}},"fnMap":{"0":{"name":"(anonymous_0)","decl":{"start":{"line":18,"column":4},"end":{"line":18,"column":5}},"loc":{"start":{"line":18,"column":65},"end":{"line":24,"column":5}},"line":18},"1":{"name":"(anonymous_1)","decl":{"start":{"line":31,"column":4},"end":{"line":31,"column":5}},"loc":{"start":{"line":31,"column":51},"end":{"line":41,"column":5}},"line":31}},"branchMap":{"0":{"loc":{"start":{"line":38,"column":8},"end":{"line":38,"column":93}},"type":"cond-expr","locations":[{"start":{"line":38,"column":40},"end":{"line":38,"column":88}},{"start":{"line":38,"column":91},"end":{"line":38,"column":93}}],"line":38},"1":{"loc":{"start":{"line":40,"column":15},"end":{"line":40,"column":84}},"type":"cond-expr","locations":[{"start":{"line":40,"column":47},"end":{"line":40,"column":77}},{"start":{"line":40,"column":80},"end":{"line":40,"column":84}}],"line":40}},"s":{"0":1,"1":1,"2":1,"3":1},"f":{"0":1,"1":1},"b":{"0":[0,1],"1":[1,0]},"_coverageSchema":"1a1c01bbd47fc00a2c39e90264f33305004495a9","hash":"37c7e88412d5d100e90810f466005ec08e675acc"}
,"C:\\Users\\Dell\\source\\repos\\teamtelefoon\\t2\\t2-orgmgmt-msvc-rest\\src\\shared\\core\\Guard.ts": {"path":"C:\\Users\\Dell\\source\\repos\\teamtelefoon\\t2\\t2-orgmgmt-msvc-rest\\src\\shared\\core\\Guard.ts","statementMap":{"0":{"start":{"line":34,"column":4},"end":{"line":36,"column":5}},"1":{"start":{"line":35,"column":6},"end":{"line":35,"column":42}},"2":{"start":{"line":35,"column":28},"end":{"line":35,"column":42}},"3":{"start":{"line":38,"column":4},"end":{"line":38,"column":38}},"4":{"start":{"line":48,"column":4},"end":{"line":50,"column":102}},"5":{"start":{"line":60,"column":4},"end":{"line":62,"column":78}},"6":{"start":{"line":72,"column":4},"end":{"line":74,"column":78}},"7":{"start":{"line":84,"column":4},"end":{"line":88,"column":5}},"8":{"start":{"line":85,"column":6},"end":{"line":85,"column":79}},"9":{"start":{"line":87,"column":6},"end":{"line":87,"column":40}},"10":{"start":{"line":97,"column":4},"end":{"line":100,"column":5}},"11":{"start":{"line":98,"column":21},"end":{"line":98,"column":80}},"12":{"start":{"line":99,"column":6},"end":{"line":99,"column":42}},"13":{"start":{"line":99,"column":28},"end":{"line":99,"column":42}},"14":{"start":{"line":102,"column":4},"end":{"line":102,"column":38}},"15":{"start":{"line":113,"column":18},"end":{"line":113,"column":23}},"16":{"start":{"line":114,"column":4},"end":{"line":118,"column":5}},"17":{"start":{"line":115,"column":6},"end":{"line":117,"column":7}},"18":{"start":{"line":116,"column":8},"end":{"line":116,"column":23}},"19":{"start":{"line":120,"column":4},"end":{"line":124,"column":5}},"20":{"start":{"line":121,"column":6},"end":{"line":121,"column":39}},"21":{"start":{"line":123,"column":6},"end":{"line":123,"column":140}},"22":{"start":{"line":136,"column":22},"end":{"line":136,"column":46}},"23":{"start":{"line":137,"column":4},"end":{"line":141,"column":5}},"24":{"start":{"line":138,"column":6},"end":{"line":138,"column":97}},"25":{"start":{"line":140,"column":6},"end":{"line":140,"column":39}},"26":{"start":{"line":153,"column":47},"end":{"line":153,"column":51}},"27":{"start":{"line":155,"column":4},"end":{"line":158,"column":5}},"28":{"start":{"line":156,"column":33},"end":{"line":156,"column":74}},"29":{"start":{"line":157,"column":6},"end":{"line":157,"column":76}},"30":{"start":{"line":157,"column":41},"end":{"line":157,"column":76}},"31":{"start":{"line":160,"column":4},"end":{"line":164,"column":5}},"32":{"start":{"line":161,"column":6},"end":{"line":161,"column":84}},"33":{"start":{"line":163,"column":6},"end":{"line":163,"column":39}}},"fnMap":{"0":{"name":"(anonymous_0)","decl":{"start":{"line":33,"column":2},"end":{"line":33,"column":3}},"loc":{"start":{"line":33,"column":77},"end":{"line":39,"column":3}},"line":33},"1":{"name":"(anonymous_1)","decl":{"start":{"line":47,"column":2},"end":{"line":47,"column":3}},"loc":{"start":{"line":47,"column":91},"end":{"line":51,"column":3}},"line":47},"2":{"name":"(anonymous_2)","decl":{"start":{"line":59,"column":2},"end":{"line":59,"column":3}},"loc":{"start":{"line":59,"column":87},"end":{"line":63,"column":3}},"line":59},"3":{"name":"(anonymous_3)","decl":{"start":{"line":71,"column":2},"end":{"line":71,"column":3}},"loc":{"start":{"line":71,"column":86},"end":{"line":75,"column":3}},"line":71},"4":{"name":"(anonymous_4)","decl":{"start":{"line":83,"column":2},"end":{"line":83,"column":3}},"loc":{"start":{"line":83,"column":100},"end":{"line":89,"column":3}},"line":83},"5":{"name":"(anonymous_5)","decl":{"start":{"line":96,"column":2},"end":{"line":96,"column":3}},"loc":{"start":{"line":96,"column":97},"end":{"line":103,"column":3}},"line":96},"6":{"name":"(anonymous_6)","decl":{"start":{"line":112,"column":2},"end":{"line":112,"column":3}},"loc":{"start":{"line":112,"column":103},"end":{"line":125,"column":3}},"line":112},"7":{"name":"(anonymous_7)","decl":{"start":{"line":135,"column":2},"end":{"line":135,"column":3}},"loc":{"start":{"line":135,"column":110},"end":{"line":142,"column":3}},"line":135},"8":{"name":"(anonymous_8)","decl":{"start":{"line":152,"column":2},"end":{"line":152,"column":3}},"loc":{"start":{"line":152,"column":119},"end":{"line":165,"column":3}},"line":152}},"branchMap":{"0":{"loc":{"start":{"line":35,"column":6},"end":{"line":35,"column":42}},"type":"if","locations":[{"start":{"line":35,"column":6},"end":{"line":35,"column":42}},{"start":{},"end":{}}],"line":35},"1":{"loc":{"start":{"line":48,"column":11},"end":{"line":50,"column":101}},"type":"cond-expr","locations":[{"start":{"line":49,"column":8},"end":{"line":49,"column":34}},{"start":{"line":50,"column":8},"end":{"line":50,"column":101}}],"line":48},"2":{"loc":{"start":{"line":60,"column":11},"end":{"line":62,"column":77}},"type":"cond-expr","locations":[{"start":{"line":61,"column":8},"end":{"line":61,"column":34}},{"start":{"line":62,"column":8},"end":{"line":62,"column":77}}],"line":60},"3":{"loc":{"start":{"line":72,"column":11},"end":{"line":74,"column":77}},"type":"cond-expr","locations":[{"start":{"line":73,"column":8},"end":{"line":73,"column":34}},{"start":{"line":74,"column":8},"end":{"line":74,"column":77}}],"line":72},"4":{"loc":{"start":{"line":84,"column":4},"end":{"line":88,"column":5}},"type":"if","locations":[{"start":{"line":84,"column":4},"end":{"line":88,"column":5}},{"start":{"line":86,"column":11},"end":{"line":88,"column":5}}],"line":84},"5":{"loc":{"start":{"line":84,"column":8},"end":{"line":84,"column":51}},"type":"binary-expr","locations":[{"start":{"line":84,"column":8},"end":{"line":84,"column":25}},{"start":{"line":84,"column":29},"end":{"line":84,"column":51}}],"line":84},"6":{"loc":{"start":{"line":99,"column":6},"end":{"line":99,"column":42}},"type":"if","locations":[{"start":{"line":99,"column":6},"end":{"line":99,"column":42}},{"start":{},"end":{}}],"line":99},"7":{"loc":{"start":{"line":115,"column":6},"end":{"line":117,"column":7}},"type":"if","locations":[{"start":{"line":115,"column":6},"end":{"line":117,"column":7}},{"start":{},"end":{}}],"line":115},"8":{"loc":{"start":{"line":120,"column":4},"end":{"line":124,"column":5}},"type":"if","locations":[{"start":{"line":120,"column":4},"end":{"line":124,"column":5}},{"start":{"line":122,"column":11},"end":{"line":124,"column":5}}],"line":120},"9":{"loc":{"start":{"line":136,"column":22},"end":{"line":136,"column":46}},"type":"binary-expr","locations":[{"start":{"line":136,"column":22},"end":{"line":136,"column":32}},{"start":{"line":136,"column":36},"end":{"line":136,"column":46}}],"line":136},"10":{"loc":{"start":{"line":137,"column":4},"end":{"line":141,"column":5}},"type":"if","locations":[{"start":{"line":137,"column":4},"end":{"line":141,"column":5}},{"start":{"line":139,"column":11},"end":{"line":141,"column":5}}],"line":137},"11":{"loc":{"start":{"line":157,"column":6},"end":{"line":157,"column":76}},"type":"if","locations":[{"start":{"line":157,"column":6},"end":{"line":157,"column":76}},{"start":{},"end":{}}],"line":157},"12":{"loc":{"start":{"line":160,"column":4},"end":{"line":164,"column":5}},"type":"if","locations":[{"start":{"line":160,"column":4},"end":{"line":164,"column":5}},{"start":{"line":162,"column":11},"end":{"line":164,"column":5}}],"line":160}},"s":{"0":0,"1":0,"2":0,"3":0,"4":0,"5":4,"6":4,"7":6,"8":0,"9":6,"10":2,"11":2,"12":2,"13":0,"14":2,"15":0,"16":0,"17":0,"18":0,"19":0,"20":0,"21":0,"22":0,"23":0,"24":0,"25":0,"26":0,"27":0,"28":0,"29":0,"30":0,"31":0,"32":0,"33":0},"f":{"0":0,"1":0,"2":4,"3":4,"4":6,"5":2,"6":0,"7":0,"8":0},"b":{"0":[0,0],"1":[0,0],"2":[4,0],"3":[4,0],"4":[0,6],"5":[6,6],"6":[0,2],"7":[0,0],"8":[0,0],"9":[0,0],"10":[0,0],"11":[0,0],"12":[0,0]},"_coverageSchema":"1a1c01bbd47fc00a2c39e90264f33305004495a9","hash":"a4ced556bc659ebd1fbbaec5e844ff72185939dc"}
,"C:\\Users\\Dell\\source\\repos\\teamtelefoon\\t2\\t2-orgmgmt-msvc-rest\\src\\shared\\core\\Result.ts": {"path":"C:\\Users\\Dell\\source\\repos\\teamtelefoon\\t2\\t2-orgmgmt-msvc-rest\\src\\shared\\core\\Result.ts","statementMap":{"0":{"start":{"line":8,"column":6},"end":{"line":10,"column":7}},"1":{"start":{"line":9,"column":8},"end":{"line":9,"column":96}},"2":{"start":{"line":11,"column":6},"end":{"line":13,"column":7}},"3":{"start":{"line":12,"column":8},"end":{"line":12,"column":96}},"4":{"start":{"line":15,"column":6},"end":{"line":15,"column":33}},"5":{"start":{"line":16,"column":6},"end":{"line":16,"column":34}},"6":{"start":{"line":17,"column":6},"end":{"line":17,"column":25}},"7":{"start":{"line":18,"column":6},"end":{"line":18,"column":26}},"8":{"start":{"line":20,"column":6},"end":{"line":20,"column":26}},"9":{"start":{"line":24,"column":6},"end":{"line":27,"column":7}},"10":{"start":{"line":25,"column":8},"end":{"line":25,"column":33}},"11":{"start":{"line":26,"column":8},"end":{"line":26,"column":92}},"12":{"start":{"line":29,"column":6},"end":{"line":29,"column":25}},"13":{"start":{"line":33,"column":6},"end":{"line":33,"column":29}},"14":{"start":{"line":37,"column":6},"end":{"line":37,"column":46}},"15":{"start":{"line":41,"column":6},"end":{"line":41,"column":41}},"16":{"start":{"line":45,"column":6},"end":{"line":47,"column":7}},"17":{"start":{"line":46,"column":8},"end":{"line":46,"column":44}},"18":{"start":{"line":46,"column":30},"end":{"line":46,"column":44}},"19":{"start":{"line":48,"column":6},"end":{"line":48,"column":25}},"20":{"start":{"line":58,"column":6},"end":{"line":58,"column":25}},"21":{"start":{"line":62,"column":6},"end":{"line":62,"column":18}},"22":{"start":{"line":66,"column":6},"end":{"line":66,"column":19}},"23":{"start":{"line":74,"column":6},"end":{"line":74,"column":25}},"24":{"start":{"line":78,"column":6},"end":{"line":78,"column":19}},"25":{"start":{"line":82,"column":6},"end":{"line":82,"column":18}},"26":{"start":{"line":86,"column":22},"end":{"line":88,"column":3}},"27":{"start":{"line":87,"column":4},"end":{"line":87,"column":23}},"28":{"start":{"line":90,"column":23},"end":{"line":92,"column":3}},"29":{"start":{"line":91,"column":4},"end":{"line":91,"column":30}}},"fnMap":{"0":{"name":"(anonymous_0)","decl":{"start":{"line":7,"column":4},"end":{"line":7,"column":5}},"loc":{"start":{"line":7,"column":75},"end":{"line":21,"column":5}},"line":7},"1":{"name":"(anonymous_1)","decl":{"start":{"line":23,"column":4},"end":{"line":23,"column":5}},"loc":{"start":{"line":23,"column":27},"end":{"line":30,"column":5}},"line":23},"2":{"name":"(anonymous_2)","decl":{"start":{"line":32,"column":4},"end":{"line":32,"column":5}},"loc":{"start":{"line":32,"column":31},"end":{"line":34,"column":5}},"line":32},"3":{"name":"(anonymous_3)","decl":{"start":{"line":36,"column":4},"end":{"line":36,"column":5}},"loc":{"start":{"line":36,"column":48},"end":{"line":38,"column":5}},"line":36},"4":{"name":"(anonymous_4)","decl":{"start":{"line":40,"column":4},"end":{"line":40,"column":5}},"loc":{"start":{"line":40,"column":53},"end":{"line":42,"column":5}},"line":40},"5":{"name":"(anonymous_5)","decl":{"start":{"line":44,"column":4},"end":{"line":44,"column":5}},"loc":{"start":{"line":44,"column":65},"end":{"line":49,"column":5}},"line":44},"6":{"name":"(anonymous_6)","decl":{"start":{"line":57,"column":4},"end":{"line":57,"column":5}},"loc":{"start":{"line":57,"column":26},"end":{"line":59,"column":5}},"line":57},"7":{"name":"(anonymous_7)","decl":{"start":{"line":61,"column":4},"end":{"line":61,"column":5}},"loc":{"start":{"line":61,"column":33},"end":{"line":63,"column":5}},"line":61},"8":{"name":"(anonymous_8)","decl":{"start":{"line":65,"column":4},"end":{"line":65,"column":5}},"loc":{"start":{"line":65,"column":35},"end":{"line":67,"column":5}},"line":65},"9":{"name":"(anonymous_9)","decl":{"start":{"line":73,"column":4},"end":{"line":73,"column":5}},"loc":{"start":{"line":73,"column":26},"end":{"line":75,"column":5}},"line":73},"10":{"name":"(anonymous_10)","decl":{"start":{"line":77,"column":4},"end":{"line":77,"column":5}},"loc":{"start":{"line":77,"column":33},"end":{"line":79,"column":5}},"line":77},"11":{"name":"(anonymous_11)","decl":{"start":{"line":81,"column":4},"end":{"line":81,"column":5}},"loc":{"start":{"line":81,"column":35},"end":{"line":83,"column":5}},"line":81},"12":{"name":"(anonymous_12)","decl":{"start":{"line":86,"column":22},"end":{"line":86,"column":23}},"loc":{"start":{"line":86,"column":52},"end":{"line":88,"column":3}},"line":86},"13":{"name":"(anonymous_13)","decl":{"start":{"line":90,"column":23},"end":{"line":90,"column":24}},"loc":{"start":{"line":90,"column":53},"end":{"line":92,"column":3}},"line":90}},"branchMap":{"0":{"loc":{"start":{"line":8,"column":6},"end":{"line":10,"column":7}},"type":"if","locations":[{"start":{"line":8,"column":6},"end":{"line":10,"column":7}},{"start":{},"end":{}}],"line":8},"1":{"loc":{"start":{"line":8,"column":10},"end":{"line":8,"column":28}},"type":"binary-expr","locations":[{"start":{"line":8,"column":10},"end":{"line":8,"column":19}},{"start":{"line":8,"column":23},"end":{"line":8,"column":28}}],"line":8},"2":{"loc":{"start":{"line":11,"column":6},"end":{"line":13,"column":7}},"type":"if","locations":[{"start":{"line":11,"column":6},"end":{"line":13,"column":7}},{"start":{},"end":{}}],"line":11},"3":{"loc":{"start":{"line":11,"column":10},"end":{"line":11,"column":30}},"type":"binary-expr","locations":[{"start":{"line":11,"column":10},"end":{"line":11,"column":20}},{"start":{"line":11,"column":24},"end":{"line":11,"column":30}}],"line":11},"4":{"loc":{"start":{"line":24,"column":6},"end":{"line":27,"column":7}},"type":"if","locations":[{"start":{"line":24,"column":6},"end":{"line":27,"column":7}},{"start":{},"end":{}}],"line":24},"5":{"loc":{"start":{"line":46,"column":8},"end":{"line":46,"column":44}},"type":"if","locations":[{"start":{"line":46,"column":8},"end":{"line":46,"column":44}},{"start":{},"end":{}}],"line":46}},"s":{"0":25,"1":0,"2":25,"3":0,"4":25,"5":25,"6":25,"7":25,"8":25,"9":9,"10":0,"11":0,"12":9,"13":0,"14":25,"15":0,"16":0,"17":0,"18":0,"19":0,"20":0,"21":0,"22":0,"23":0,"24":0,"25":0,"26":1,"27":0,"28":1,"29":0},"f":{"0":25,"1":9,"2":0,"3":25,"4":0,"5":0,"6":0,"7":0,"8":0,"9":0,"10":0,"11":0,"12":0,"13":0},"b":{"0":[0,25],"1":[25,25],"2":[0,25],"3":[25,0],"4":[0,9],"5":[0,0]},"_coverageSchema":"1a1c01bbd47fc00a2c39e90264f33305004495a9","hash":"122c9252ceb64387636e928cf5eee3577b2228b7"}
,"C:\\Users\\Dell\\source\\repos\\teamtelefoon\\t2\\t2-orgmgmt-msvc-rest\\src\\shared\\domain\\Entity.ts": {"path":"C:\\Users\\Dell\\source\\repos\\teamtelefoon\\t2\\t2-orgmgmt-msvc-rest\\src\\shared\\domain\\Entity.ts","statementMap":{"0":{"start":{"line":3,"column":17},"end":{"line":5,"column":1}},"1":{"start":{"line":4,"column":2},"end":{"line":4,"column":29}},"2":{"start":{"line":12,"column":4},"end":{"line":12,"column":46}},"3":{"start":{"line":13,"column":4},"end":{"line":13,"column":23}},"4":{"start":{"line":18,"column":4},"end":{"line":20,"column":5}},"5":{"start":{"line":19,"column":6},"end":{"line":19,"column":19}},"6":{"start":{"line":22,"column":4},"end":{"line":24,"column":5}},"7":{"start":{"line":23,"column":6},"end":{"line":23,"column":18}},"8":{"start":{"line":26,"column":4},"end":{"line":28,"column":5}},"9":{"start":{"line":27,"column":6},"end":{"line":27,"column":19}},"10":{"start":{"line":30,"column":4},"end":{"line":30,"column":39}}},"fnMap":{"0":{"name":"(anonymous_0)","decl":{"start":{"line":3,"column":17},"end":{"line":3,"column":18}},"loc":{"start":{"line":3,"column":47},"end":{"line":5,"column":1}},"line":3},"1":{"name":"(anonymous_1)","decl":{"start":{"line":11,"column":2},"end":{"line":11,"column":3}},"loc":{"start":{"line":11,"column":46},"end":{"line":14,"column":3}},"line":11},"2":{"name":"(anonymous_2)","decl":{"start":{"line":16,"column":2},"end":{"line":16,"column":3}},"loc":{"start":{"line":16,"column":47},"end":{"line":31,"column":3}},"line":16}},"branchMap":{"0":{"loc":{"start":{"line":12,"column":15},"end":{"line":12,"column":45}},"type":"cond-expr","locations":[{"start":{"line":12,"column":20},"end":{"line":12,"column":22}},{"start":{"line":12,"column":25},"end":{"line":12,"column":45}}],"line":12},"1":{"loc":{"start":{"line":18,"column":4},"end":{"line":20,"column":5}},"type":"if","locations":[{"start":{"line":18,"column":4},"end":{"line":20,"column":5}},{"start":{},"end":{}}],"line":18},"2":{"loc":{"start":{"line":18,"column":8},"end":{"line":18,"column":45}},"type":"binary-expr","locations":[{"start":{"line":18,"column":8},"end":{"line":18,"column":22}},{"start":{"line":18,"column":26},"end":{"line":18,"column":45}}],"line":18},"3":{"loc":{"start":{"line":22,"column":4},"end":{"line":24,"column":5}},"type":"if","locations":[{"start":{"line":22,"column":4},"end":{"line":24,"column":5}},{"start":{},"end":{}}],"line":22},"4":{"loc":{"start":{"line":26,"column":4},"end":{"line":28,"column":5}},"type":"if","locations":[{"start":{"line":26,"column":4},"end":{"line":28,"column":5}},{"start":{},"end":{}}],"line":26}},"s":{"0":1,"1":0,"2":5,"3":5,"4":0,"5":0,"6":0,"7":0,"8":0,"9":0,"10":0},"f":{"0":0,"1":5,"2":0},"b":{"0":[4,1],"1":[0,0],"2":[0,0],"3":[0,0],"4":[0,0]},"_coverageSchema":"1a1c01bbd47fc00a2c39e90264f33305004495a9","hash":"7c1155fb9a9d97d9ec137473ef1dd7ab22f0fd59"}
,"C:\\Users\\Dell\\source\\repos\\teamtelefoon\\t2\\t2-orgmgmt-msvc-rest\\src\\shared\\domain\\Identifier.ts": {"path":"C:\\Users\\Dell\\source\\repos\\teamtelefoon\\t2\\t2-orgmgmt-msvc-rest\\src\\shared\\domain\\Identifier.ts","statementMap":{"0":{"start":{"line":3,"column":6},"end":{"line":3,"column":25}},"1":{"start":{"line":7,"column":6},"end":{"line":9,"column":7}},"2":{"start":{"line":8,"column":8},"end":{"line":8,"column":21}},"3":{"start":{"line":10,"column":6},"end":{"line":12,"column":7}},"4":{"start":{"line":11,"column":8},"end":{"line":11,"column":21}},"5":{"start":{"line":13,"column":6},"end":{"line":13,"column":41}},"6":{"start":{"line":17,"column":6},"end":{"line":17,"column":32}},"7":{"start":{"line":25,"column":6},"end":{"line":25,"column":24}}},"fnMap":{"0":{"name":"(anonymous_0)","decl":{"start":{"line":2,"column":4},"end":{"line":2,"column":5}},"loc":{"start":{"line":2,"column":34},"end":{"line":4,"column":5}},"line":2},"1":{"name":"(anonymous_1)","decl":{"start":{"line":6,"column":4},"end":{"line":6,"column":5}},"loc":{"start":{"line":6,"column":41},"end":{"line":14,"column":5}},"line":6},"2":{"name":"(anonymous_2)","decl":{"start":{"line":16,"column":4},"end":{"line":16,"column":5}},"loc":{"start":{"line":16,"column":16},"end":{"line":18,"column":5}},"line":16},"3":{"name":"(anonymous_3)","decl":{"start":{"line":24,"column":4},"end":{"line":24,"column":5}},"loc":{"start":{"line":24,"column":18},"end":{"line":26,"column":5}},"line":24}},"branchMap":{"0":{"loc":{"start":{"line":7,"column":6},"end":{"line":9,"column":7}},"type":"if","locations":[{"start":{"line":7,"column":6},"end":{"line":9,"column":7}},{"start":{},"end":{}}],"line":7},"1":{"loc":{"start":{"line":7,"column":10},"end":{"line":7,"column":41}},"type":"binary-expr","locations":[{"start":{"line":7,"column":10},"end":{"line":7,"column":21}},{"start":{"line":7,"column":25},"end":{"line":7,"column":41}}],"line":7},"2":{"loc":{"start":{"line":10,"column":6},"end":{"line":12,"column":7}},"type":"if","locations":[{"start":{"line":10,"column":6},"end":{"line":12,"column":7}},{"start":{},"end":{}}],"line":10}},"s":{"0":3,"1":0,"2":0,"3":0,"4":0,"5":0,"6":1,"7":2},"f":{"0":3,"1":0,"2":1,"3":2},"b":{"0":[0,0],"1":[0,0],"2":[0,0]},"_coverageSchema":"1a1c01bbd47fc00a2c39e90264f33305004495a9","hash":"4290260891a95aefdea7925cff43083ff96bc615"}
,"C:\\Users\\Dell\\source\\repos\\teamtelefoon\\t2\\t2-orgmgmt-msvc-rest\\src\\shared\\domain\\UniqueEntityID.ts": {"path":"C:\\Users\\Dell\\source\\repos\\teamtelefoon\\t2\\t2-orgmgmt-msvc-rest\\src\\shared\\domain\\UniqueEntityID.ts","statementMap":{"0":{"start":{"line":1,"column":22},"end":{"line":1,"column":37}},"1":{"start":{"line":6,"column":4},"end":{"line":6,"column":28}}},"fnMap":{"0":{"name":"(anonymous_0)","decl":{"start":{"line":5,"column":2},"end":{"line":5,"column":3}},"loc":{"start":{"line":5,"column":37},"end":{"line":7,"column":3}},"line":5}},"branchMap":{"0":{"loc":{"start":{"line":6,"column":10},"end":{"line":6,"column":27}},"type":"cond-expr","locations":[{"start":{"line":6,"column":15},"end":{"line":6,"column":17}},{"start":{"line":6,"column":20},"end":{"line":6,"column":27}}],"line":6}},"s":{"0":1,"1":3},"f":{"0":3},"b":{"0":[1,2]},"_coverageSchema":"1a1c01bbd47fc00a2c39e90264f33305004495a9","hash":"c61ca061f11b61be3f25b01d69758cc5d150c021"}
,"C:\\Users\\Dell\\source\\repos\\teamtelefoon\\t2\\t2-orgmgmt-msvc-rest\\src\\shared\\domain\\ValueObject.ts": {"path":"C:\\Users\\Dell\\source\\repos\\teamtelefoon\\t2\\t2-orgmgmt-msvc-rest\\src\\shared\\domain\\ValueObject.ts","statementMap":{"0":{"start":{"line":16,"column":4},"end":{"line":16,"column":38}},"1":{"start":{"line":20,"column":4},"end":{"line":22,"column":5}},"2":{"start":{"line":21,"column":6},"end":{"line":21,"column":19}},"3":{"start":{"line":23,"column":4},"end":{"line":25,"column":5}},"4":{"start":{"line":24,"column":6},"end":{"line":24,"column":19}},"5":{"start":{"line":26,"column":4},"end":{"line":26,"column":45}}},"fnMap":{"0":{"name":"(anonymous_0)","decl":{"start":{"line":15,"column":2},"end":{"line":15,"column":3}},"loc":{"start":{"line":15,"column":25},"end":{"line":17,"column":3}},"line":15},"1":{"name":"(anonymous_1)","decl":{"start":{"line":19,"column":2},"end":{"line":19,"column":3}},"loc":{"start":{"line":19,"column":48},"end":{"line":27,"column":3}},"line":19}},"branchMap":{"0":{"loc":{"start":{"line":20,"column":4},"end":{"line":22,"column":5}},"type":"if","locations":[{"start":{"line":20,"column":4},"end":{"line":22,"column":5}},{"start":{},"end":{}}],"line":20},"1":{"loc":{"start":{"line":20,"column":8},"end":{"line":20,"column":39}},"type":"binary-expr","locations":[{"start":{"line":20,"column":8},"end":{"line":20,"column":19}},{"start":{"line":20,"column":23},"end":{"line":20,"column":39}}],"line":20},"2":{"loc":{"start":{"line":23,"column":4},"end":{"line":25,"column":5}},"type":"if","locations":[{"start":{"line":23,"column":4},"end":{"line":25,"column":5}},{"start":{},"end":{}}],"line":23}},"s":{"0":4,"1":0,"2":0,"3":0,"4":0,"5":0},"f":{"0":4,"1":0},"b":{"0":[0,0],"1":[0,0],"2":[0,0]},"_coverageSchema":"1a1c01bbd47fc00a2c39e90264f33305004495a9","hash":"ac87d0917e11a7200f95ef4be5e5bf0470311698"}
}
